0 info it worked if it ends with ok
1 verbose cli [ 'node', '/usr/local/bin/npm', '-g', 'install', 'eslint' ]
2 info using npm@1.4.3
3 info using node@v0.10.26
4 verbose cache add [ 'eslint', null ]
5 verbose cache add name=undefined spec="eslint" args=["eslint",null]
6 verbose parsed url { protocol: null,
6 verbose parsed url   slashes: null,
6 verbose parsed url   auth: null,
6 verbose parsed url   host: null,
6 verbose parsed url   port: null,
6 verbose parsed url   hostname: null,
6 verbose parsed url   hash: null,
6 verbose parsed url   search: null,
6 verbose parsed url   query: null,
6 verbose parsed url   pathname: 'eslint',
6 verbose parsed url   path: 'eslint',
6 verbose parsed url   href: 'eslint' }
7 silly lockFile e0b0b266-eslint eslint
8 verbose lock eslint /Users/JPotter/.npm/e0b0b266-eslint.lock
9 silly lockFile e0b0b266-eslint eslint
10 silly lockFile e0b0b266-eslint eslint
11 verbose addNamed [ 'eslint', '' ]
12 verbose addNamed [ null, '*' ]
13 silly lockFile 62e46387-eslint eslint@
14 verbose lock eslint@ /Users/JPotter/.npm/62e46387-eslint.lock
15 silly addNameRange { name: 'eslint', range: '*', hasData: false }
16 verbose url raw eslint
17 verbose url resolving [ 'https://registry.npmjs.org/', './eslint' ]
18 verbose url resolved https://registry.npmjs.org/eslint
19 info trying registry request attempt 1 at 20:39:48
20 http GET https://registry.npmjs.org/eslint
21 http 200 https://registry.npmjs.org/eslint
22 silly registry.get cb [ 200,
22 silly registry.get   { server: 'CouchDB/1.5.0 (Erlang OTP/R16B03)',
22 silly registry.get     etag: '"705T8F08H2NWL36Z9KB6F696L"',
22 silly registry.get     'content-type': 'application/json',
22 silly registry.get     'cache-control': 'max-age=60',
22 silly registry.get     'content-length': '139925',
22 silly registry.get     'accept-ranges': 'bytes',
22 silly registry.get     date: 'Mon, 20 Jul 2015 03:39:49 GMT',
22 silly registry.get     via: '1.1 varnish',
22 silly registry.get     age: '0',
22 silly registry.get     connection: 'keep-alive',
22 silly registry.get     'x-served-by': 'cache-sjc3124-SJC',
22 silly registry.get     'x-cache': 'HIT',
22 silly registry.get     'x-cache-hits': '1',
22 silly registry.get     'x-timer': 'S1437363588.832293,VS0,VE339',
22 silly registry.get     vary: 'Accept' } ]
23 silly addNameRange number 2 { name: 'eslint', range: '*', hasData: true }
24 silly addNameRange versions [ 'eslint',
24 silly addNameRange   [ '0.0.4',
24 silly addNameRange     '0.0.5',
24 silly addNameRange     '0.0.6',
24 silly addNameRange     '0.0.7',
24 silly addNameRange     '0.1.0-dev',
24 silly addNameRange     '0.1.0',
24 silly addNameRange     '0.1.1',
24 silly addNameRange     '0.1.2',
24 silly addNameRange     '0.1.3',
24 silly addNameRange     '0.1.4',
24 silly addNameRange     '0.2.0',
24 silly addNameRange     '0.3.0',
24 silly addNameRange     '0.4.0',
24 silly addNameRange     '0.4.1',
24 silly addNameRange     '0.4.2',
24 silly addNameRange     '0.4.3',
24 silly addNameRange     '0.4.4',
24 silly addNameRange     '0.4.5',
24 silly addNameRange     '0.5.0',
24 silly addNameRange     '0.5.1',
24 silly addNameRange     '0.6.0',
24 silly addNameRange     '0.6.1',
24 silly addNameRange     '0.6.2',
24 silly addNameRange     '0.7.1',
24 silly addNameRange     '0.7.2',
24 silly addNameRange     '0.7.3',
24 silly addNameRange     '0.7.4',
24 silly addNameRange     '0.8.0',
24 silly addNameRange     '0.8.1',
24 silly addNameRange     '0.8.2',
24 silly addNameRange     '0.9.0',
24 silly addNameRange     '0.9.1',
24 silly addNameRange     '0.9.2',
24 silly addNameRange     '0.10.0-alpha',
24 silly addNameRange     '0.10.0-alpha.1',
24 silly addNameRange     '0.10.0-alpha.2',
24 silly addNameRange     '0.10.0',
24 silly addNameRange     '0.11.0-alpha.0',
24 silly addNameRange     '0.10.1',
24 silly addNameRange     '0.10.2',
24 silly addNameRange     '0.11.0',
24 silly addNameRange     '0.12.0',
24 silly addNameRange     '0.13.0',
24 silly addNameRange     '0.14.0',
24 silly addNameRange     '0.14.1',
24 silly addNameRange     '0.15.0',
24 silly addNameRange     '0.15.1',
24 silly addNameRange     '0.16.0',
24 silly addNameRange     '0.16.1',
24 silly addNameRange     '0.16.2',
24 silly addNameRange     '0.17.0',
24 silly addNameRange     '0.17.1',
24 silly addNameRange     '0.18.0',
24 silly addNameRange     '0.19.0',
24 silly addNameRange     '0.20.0',
24 silly addNameRange     '0.21.0',
24 silly addNameRange     '0.21.1',
24 silly addNameRange     '0.21.2',
24 silly addNameRange     '0.22.0',
24 silly addNameRange     '0.22.1',
24 silly addNameRange     '0.23.0',
24 silly addNameRange     '0.24.0',
24 silly addNameRange     '0.24.1',
24 silly addNameRange     '1.0.0-rc-1' ] ]
25 verbose addNamed [ 'eslint', '0.24.1' ]
26 verbose addNamed [ '0.24.1', '0.24.1' ]
27 silly lockFile be519808-eslint-0-24-1 eslint@0.24.1
28 verbose lock eslint@0.24.1 /Users/JPotter/.npm/be519808-eslint-0-24-1.lock
29 silly lockFile b5f6b40b-mjs-org-eslint-eslint-0-24-1-tgz https://registry.npmjs.org/eslint/-/eslint-0.24.1.tgz
30 verbose lock https://registry.npmjs.org/eslint/-/eslint-0.24.1.tgz /Users/JPotter/.npm/b5f6b40b-mjs-org-eslint-eslint-0-24-1-tgz.lock
31 verbose addRemoteTarball [ 'https://registry.npmjs.org/eslint/-/eslint-0.24.1.tgz',
31 verbose addRemoteTarball   '54a50809855b9655721c6f2ee57b351edce28101' ]
32 info retry fetch attempt 1 at 20:39:48
33 verbose fetch to= /var/folders/10/3v130jzx1hs1cnp96rr567zw0000gn/T/npm-13477-SkGvQFSW/1437363588830-0.7364951502531767/tmp.tgz
34 http GET https://registry.npmjs.org/eslint/-/eslint-0.24.1.tgz
35 http 200 https://registry.npmjs.org/eslint/-/eslint-0.24.1.tgz
36 verbose tar unpack /var/folders/10/3v130jzx1hs1cnp96rr567zw0000gn/T/npm-13477-SkGvQFSW/1437363588830-0.7364951502531767/tmp.tgz
37 silly lockFile 06902176-88830-0-7364951502531767-package tar:///var/folders/10/3v130jzx1hs1cnp96rr567zw0000gn/T/npm-13477-SkGvQFSW/1437363588830-0.7364951502531767/package
38 verbose lock tar:///var/folders/10/3v130jzx1hs1cnp96rr567zw0000gn/T/npm-13477-SkGvQFSW/1437363588830-0.7364951502531767/package /Users/JPotter/.npm/06902176-88830-0-7364951502531767-package.lock
39 silly lockFile 685d3902-88830-0-7364951502531767-tmp-tgz tar:///var/folders/10/3v130jzx1hs1cnp96rr567zw0000gn/T/npm-13477-SkGvQFSW/1437363588830-0.7364951502531767/tmp.tgz
40 verbose lock tar:///var/folders/10/3v130jzx1hs1cnp96rr567zw0000gn/T/npm-13477-SkGvQFSW/1437363588830-0.7364951502531767/tmp.tgz /Users/JPotter/.npm/685d3902-88830-0-7364951502531767-tmp-tgz.lock
41 silly gunzTarPerm modes [ '755', '644' ]
42 silly gunzTarPerm extractEntry package.json
43 silly gunzTarPerm modified mode [ 'package.json', 438, 420 ]
44 silly gunzTarPerm extractEntry README.md
45 silly gunzTarPerm modified mode [ 'README.md', 438, 420 ]
46 silly gunzTarPerm extractEntry LICENSE
47 silly gunzTarPerm modified mode [ 'LICENSE', 438, 420 ]
48 silly gunzTarPerm extractEntry bin/eslint.js
49 silly gunzTarPerm modified mode [ 'bin/eslint.js', 438, 420 ]
50 silly gunzTarPerm extractEntry conf/environments.js
51 silly gunzTarPerm modified mode [ 'conf/environments.js', 438, 420 ]
52 silly gunzTarPerm extractEntry conf/eslint.json
53 silly gunzTarPerm modified mode [ 'conf/eslint.json', 438, 420 ]
54 silly gunzTarPerm extractEntry lib/api.js
55 silly gunzTarPerm modified mode [ 'lib/api.js', 438, 420 ]
56 silly gunzTarPerm extractEntry lib/config-validator.js
57 silly gunzTarPerm modified mode [ 'lib/config-validator.js', 438, 420 ]
58 silly gunzTarPerm extractEntry lib/config.js
59 silly gunzTarPerm modified mode [ 'lib/config.js', 438, 420 ]
60 silly gunzTarPerm extractEntry lib/eslint.js
61 silly gunzTarPerm modified mode [ 'lib/eslint.js', 438, 420 ]
62 silly gunzTarPerm extractEntry lib/file-finder.js
63 silly gunzTarPerm modified mode [ 'lib/file-finder.js', 438, 420 ]
64 silly gunzTarPerm extractEntry lib/config-initializer.js
65 silly gunzTarPerm modified mode [ 'lib/config-initializer.js', 438, 420 ]
66 silly gunzTarPerm extractEntry lib/cli-engine.js
67 silly gunzTarPerm modified mode [ 'lib/cli-engine.js', 438, 420 ]
68 silly gunzTarPerm extractEntry lib/load-rules.js
69 silly gunzTarPerm modified mode [ 'lib/load-rules.js', 438, 420 ]
70 silly gunzTarPerm extractEntry lib/options.js
71 silly gunzTarPerm modified mode [ 'lib/options.js', 438, 420 ]
72 silly gunzTarPerm extractEntry lib/rule-context.js
73 silly gunzTarPerm modified mode [ 'lib/rule-context.js', 438, 420 ]
74 silly gunzTarPerm extractEntry lib/timing.js
75 silly gunzTarPerm modified mode [ 'lib/timing.js', 438, 420 ]
76 silly gunzTarPerm extractEntry lib/cli.js
77 silly gunzTarPerm modified mode [ 'lib/cli.js', 438, 420 ]
78 silly gunzTarPerm extractEntry lib/rules.js
79 silly gunzTarPerm modified mode [ 'lib/rules.js', 438, 420 ]
80 silly gunzTarPerm extractEntry lib/token-store.js
81 silly gunzTarPerm modified mode [ 'lib/token-store.js', 438, 420 ]
82 silly gunzTarPerm extractEntry lib/util.js
83 silly gunzTarPerm modified mode [ 'lib/util.js', 438, 420 ]
84 silly gunzTarPerm extractEntry lib/ignored-paths.js
85 silly gunzTarPerm modified mode [ 'lib/ignored-paths.js', 438, 420 ]
86 silly gunzTarPerm extractEntry lib/rules/accessor-pairs.js
87 silly gunzTarPerm modified mode [ 'lib/rules/accessor-pairs.js', 438, 420 ]
88 silly gunzTarPerm extractEntry lib/rules/no-loop-func.js
89 silly gunzTarPerm modified mode [ 'lib/rules/no-loop-func.js', 438, 420 ]
90 silly gunzTarPerm extractEntry lib/rules/no-mixed-requires.js
91 silly gunzTarPerm modified mode [ 'lib/rules/no-mixed-requires.js', 438, 420 ]
92 silly gunzTarPerm extractEntry lib/rules/no-mixed-spaces-and-tabs.js
93 silly gunzTarPerm modified mode [ 'lib/rules/no-mixed-spaces-and-tabs.js', 438, 420 ]
94 silly gunzTarPerm extractEntry lib/rules/no-lonely-if.js
95 silly gunzTarPerm modified mode [ 'lib/rules/no-lonely-if.js', 438, 420 ]
96 silly gunzTarPerm extractEntry lib/rules/no-multi-str.js
97 silly gunzTarPerm modified mode [ 'lib/rules/no-multi-str.js', 438, 420 ]
98 silly gunzTarPerm extractEntry lib/rules/no-multiple-empty-lines.js
99 silly gunzTarPerm modified mode [ 'lib/rules/no-multiple-empty-lines.js', 438, 420 ]
100 silly gunzTarPerm extractEntry lib/rules/no-native-reassign.js
101 silly gunzTarPerm modified mode [ 'lib/rules/no-native-reassign.js', 438, 420 ]
102 silly gunzTarPerm extractEntry lib/rules/no-negated-in-lhs.js
103 silly gunzTarPerm modified mode [ 'lib/rules/no-negated-in-lhs.js', 438, 420 ]
104 silly gunzTarPerm extractEntry lib/rules/no-nested-ternary.js
105 silly gunzTarPerm modified mode [ 'lib/rules/no-nested-ternary.js', 438, 420 ]
106 silly gunzTarPerm extractEntry lib/rules/no-lone-blocks.js
107 silly gunzTarPerm modified mode [ 'lib/rules/no-lone-blocks.js', 438, 420 ]
108 silly gunzTarPerm extractEntry lib/rules/no-new-func.js
109 silly gunzTarPerm modified mode [ 'lib/rules/no-new-func.js', 438, 420 ]
110 silly gunzTarPerm extractEntry lib/rules/no-labels.js
111 silly gunzTarPerm modified mode [ 'lib/rules/no-labels.js', 438, 420 ]
112 silly gunzTarPerm extractEntry lib/rules/no-new-object.js
113 silly gunzTarPerm modified mode [ 'lib/rules/no-new-object.js', 438, 420 ]
114 silly gunzTarPerm extractEntry lib/rules/no-label-var.js
115 silly gunzTarPerm modified mode [ 'lib/rules/no-label-var.js', 438, 420 ]
116 silly gunzTarPerm extractEntry lib/rules/no-new-require.js
117 silly gunzTarPerm modified mode [ 'lib/rules/no-new-require.js', 438, 420 ]
118 silly gunzTarPerm extractEntry lib/rules/no-iterator.js
119 silly gunzTarPerm modified mode [ 'lib/rules/no-iterator.js', 438, 420 ]
120 silly gunzTarPerm extractEntry lib/rules/no-new-wrappers.js
121 silly gunzTarPerm modified mode [ 'lib/rules/no-new-wrappers.js', 438, 420 ]
122 silly gunzTarPerm extractEntry lib/rules/no-irregular-whitespace.js
123 silly gunzTarPerm modified mode [ 'lib/rules/no-irregular-whitespace.js', 438, 420 ]
124 silly gunzTarPerm extractEntry lib/rules/no-new.js
125 silly gunzTarPerm modified mode [ 'lib/rules/no-new.js', 438, 420 ]
126 silly gunzTarPerm extractEntry lib/rules/no-invalid-regexp.js
127 silly gunzTarPerm modified mode [ 'lib/rules/no-invalid-regexp.js', 438, 420 ]
128 silly gunzTarPerm extractEntry lib/rules/no-obj-calls.js
129 silly gunzTarPerm modified mode [ 'lib/rules/no-obj-calls.js', 438, 420 ]
130 silly gunzTarPerm extractEntry lib/rules/no-inner-declarations.js
131 silly gunzTarPerm modified mode [ 'lib/rules/no-inner-declarations.js', 438, 420 ]
132 silly gunzTarPerm extractEntry lib/rules/no-octal-escape.js
133 silly gunzTarPerm modified mode [ 'lib/rules/no-octal-escape.js', 438, 420 ]
134 silly gunzTarPerm extractEntry lib/rules/no-inline-comments.js
135 silly gunzTarPerm modified mode [ 'lib/rules/no-inline-comments.js', 438, 420 ]
136 silly gunzTarPerm extractEntry lib/rules/no-octal.js
137 silly gunzTarPerm modified mode [ 'lib/rules/no-octal.js', 438, 420 ]
138 silly gunzTarPerm extractEntry lib/rules/no-implied-eval.js
139 silly gunzTarPerm modified mode [ 'lib/rules/no-implied-eval.js', 438, 420 ]
140 silly gunzTarPerm extractEntry lib/rules/no-param-reassign.js
141 silly gunzTarPerm modified mode [ 'lib/rules/no-param-reassign.js', 438, 420 ]
142 silly gunzTarPerm extractEntry lib/rules/no-func-assign.js
143 silly gunzTarPerm modified mode [ 'lib/rules/no-func-assign.js', 438, 420 ]
144 silly gunzTarPerm extractEntry lib/rules/no-path-concat.js
145 silly gunzTarPerm modified mode [ 'lib/rules/no-path-concat.js', 438, 420 ]
146 silly gunzTarPerm extractEntry lib/rules/no-floating-decimal.js
147 silly gunzTarPerm modified mode [ 'lib/rules/no-floating-decimal.js', 438, 420 ]
148 silly gunzTarPerm extractEntry lib/rules/no-plusplus.js
149 silly gunzTarPerm modified mode [ 'lib/rules/no-plusplus.js', 438, 420 ]
150 silly gunzTarPerm extractEntry lib/rules/no-fallthrough.js
151 silly gunzTarPerm modified mode [ 'lib/rules/no-fallthrough.js', 438, 420 ]
152 silly gunzTarPerm extractEntry lib/rules/no-process-env.js
153 silly gunzTarPerm modified mode [ 'lib/rules/no-process-env.js', 438, 420 ]
154 silly gunzTarPerm extractEntry lib/rules/no-extra-strict.js
155 silly gunzTarPerm modified mode [ 'lib/rules/no-extra-strict.js', 438, 420 ]
156 silly gunzTarPerm extractEntry lib/rules/no-process-exit.js
157 silly gunzTarPerm modified mode [ 'lib/rules/no-process-exit.js', 438, 420 ]
158 silly gunzTarPerm extractEntry lib/rules/no-extra-semi.js
159 silly gunzTarPerm modified mode [ 'lib/rules/no-extra-semi.js', 438, 420 ]
160 silly gunzTarPerm extractEntry lib/rules/no-proto.js
161 silly gunzTarPerm modified mode [ 'lib/rules/no-proto.js', 438, 420 ]
162 silly gunzTarPerm extractEntry lib/rules/no-extra-parens.js
163 silly gunzTarPerm modified mode [ 'lib/rules/no-extra-parens.js', 438, 420 ]
164 silly gunzTarPerm extractEntry lib/rules/no-redeclare.js
165 silly gunzTarPerm modified mode [ 'lib/rules/no-redeclare.js', 438, 420 ]
166 silly gunzTarPerm extractEntry lib/rules/no-extra-boolean-cast.js
167 silly gunzTarPerm modified mode [ 'lib/rules/no-extra-boolean-cast.js', 438, 420 ]
168 silly gunzTarPerm extractEntry lib/rules/no-regex-spaces.js
169 silly gunzTarPerm modified mode [ 'lib/rules/no-regex-spaces.js', 438, 420 ]
170 silly gunzTarPerm extractEntry lib/rules/no-extra-bind.js
171 silly gunzTarPerm modified mode [ 'lib/rules/no-extra-bind.js', 438, 420 ]
172 silly gunzTarPerm extractEntry lib/rules/no-reserved-keys.js
173 silly gunzTarPerm modified mode [ 'lib/rules/no-reserved-keys.js', 438, 420 ]
174 silly gunzTarPerm extractEntry lib/rules/no-extend-native.js
175 silly gunzTarPerm modified mode [ 'lib/rules/no-extend-native.js', 438, 420 ]
176 silly gunzTarPerm extractEntry lib/rules/no-restricted-modules.js
177 silly gunzTarPerm modified mode [ 'lib/rules/no-restricted-modules.js', 438, 420 ]
178 silly gunzTarPerm extractEntry lib/rules/no-ex-assign.js
179 silly gunzTarPerm modified mode [ 'lib/rules/no-ex-assign.js', 438, 420 ]
180 silly gunzTarPerm extractEntry lib/rules/no-return-assign.js
181 silly gunzTarPerm modified mode [ 'lib/rules/no-return-assign.js', 438, 420 ]
182 silly gunzTarPerm extractEntry lib/rules/no-eval.js
183 silly gunzTarPerm modified mode [ 'lib/rules/no-eval.js', 438, 420 ]
184 silly gunzTarPerm extractEntry lib/rules/no-script-url.js
185 silly gunzTarPerm modified mode [ 'lib/rules/no-script-url.js', 438, 420 ]
186 silly gunzTarPerm extractEntry lib/rules/no-eq-null.js
187 silly gunzTarPerm modified mode [ 'lib/rules/no-eq-null.js', 438, 420 ]
188 silly gunzTarPerm extractEntry lib/rules/no-self-compare.js
189 silly gunzTarPerm modified mode [ 'lib/rules/no-self-compare.js', 438, 420 ]
190 silly gunzTarPerm extractEntry lib/rules/no-empty.js
191 silly gunzTarPerm modified mode [ 'lib/rules/no-empty.js', 438, 420 ]
192 silly gunzTarPerm extractEntry lib/rules/no-sequences.js
193 silly gunzTarPerm modified mode [ 'lib/rules/no-sequences.js', 438, 420 ]
194 silly gunzTarPerm extractEntry lib/rules/no-empty-label.js
195 silly gunzTarPerm modified mode [ 'lib/rules/no-empty-label.js', 438, 420 ]
196 silly gunzTarPerm extractEntry lib/rules/no-shadow-restricted-names.js
197 silly gunzTarPerm modified mode [ 'lib/rules/no-shadow-restricted-names.js', 438, 420 ]
198 silly gunzTarPerm extractEntry lib/rules/no-empty-class.js
199 silly gunzTarPerm modified mode [ 'lib/rules/no-empty-class.js', 438, 420 ]
200 silly gunzTarPerm extractEntry lib/rules/no-shadow.js
201 silly gunzTarPerm modified mode [ 'lib/rules/no-shadow.js', 438, 420 ]
202 silly gunzTarPerm extractEntry lib/rules/no-empty-character-class.js
203 silly gunzTarPerm modified mode [ 'lib/rules/no-empty-character-class.js', 438, 420 ]
204 silly gunzTarPerm extractEntry lib/rules/no-space-before-semi.js
205 silly gunzTarPerm modified mode [ 'lib/rules/no-space-before-semi.js', 438, 420 ]
206 silly gunzTarPerm extractEntry lib/rules/no-else-return.js
207 silly gunzTarPerm modified mode [ 'lib/rules/no-else-return.js', 438, 420 ]
208 silly gunzTarPerm extractEntry lib/rules/no-spaced-func.js
209 silly gunzTarPerm modified mode [ 'lib/rules/no-spaced-func.js', 438, 420 ]
210 silly gunzTarPerm extractEntry lib/rules/no-duplicate-case.js
211 silly gunzTarPerm modified mode [ 'lib/rules/no-duplicate-case.js', 438, 420 ]
212 silly gunzTarPerm extractEntry lib/rules/no-sparse-arrays.js
213 silly gunzTarPerm modified mode [ 'lib/rules/no-sparse-arrays.js', 438, 420 ]
214 silly gunzTarPerm extractEntry lib/rules/no-dupe-keys.js
215 silly gunzTarPerm modified mode [ 'lib/rules/no-dupe-keys.js', 438, 420 ]
216 silly gunzTarPerm extractEntry lib/rules/no-sync.js
217 silly gunzTarPerm modified mode [ 'lib/rules/no-sync.js', 438, 420 ]
218 silly gunzTarPerm extractEntry lib/rules/no-dupe-args.js
219 silly gunzTarPerm modified mode [ 'lib/rules/no-dupe-args.js', 438, 420 ]
220 silly gunzTarPerm extractEntry lib/rules/no-ternary.js
221 silly gunzTarPerm modified mode [ 'lib/rules/no-ternary.js', 438, 420 ]
222 silly gunzTarPerm extractEntry lib/rules/no-div-regex.js
223 silly gunzTarPerm modified mode [ 'lib/rules/no-div-regex.js', 438, 420 ]
224 silly gunzTarPerm extractEntry lib/rules/no-this-before-super.js
225 silly gunzTarPerm modified mode [ 'lib/rules/no-this-before-super.js', 438, 420 ]
226 silly gunzTarPerm extractEntry lib/rules/no-delete-var.js
227 silly gunzTarPerm modified mode [ 'lib/rules/no-delete-var.js', 438, 420 ]
228 silly gunzTarPerm extractEntry lib/rules/no-throw-literal.js
229 silly gunzTarPerm modified mode [ 'lib/rules/no-throw-literal.js', 438, 420 ]
230 silly gunzTarPerm extractEntry lib/rules/no-debugger.js
231 silly gunzTarPerm modified mode [ 'lib/rules/no-debugger.js', 438, 420 ]
232 silly gunzTarPerm extractEntry lib/rules/no-trailing-spaces.js
233 silly gunzTarPerm modified mode [ 'lib/rules/no-trailing-spaces.js', 438, 420 ]
234 silly gunzTarPerm extractEntry lib/rules/no-control-regex.js
235 silly gunzTarPerm modified mode [ 'lib/rules/no-control-regex.js', 438, 420 ]
236 silly gunzTarPerm extractEntry lib/rules/no-undef-init.js
237 silly gunzTarPerm modified mode [ 'lib/rules/no-undef-init.js', 438, 420 ]
238 silly gunzTarPerm extractEntry lib/rules/no-continue.js
239 silly gunzTarPerm modified mode [ 'lib/rules/no-continue.js', 438, 420 ]
240 silly gunzTarPerm extractEntry lib/rules/no-undef.js
241 silly gunzTarPerm modified mode [ 'lib/rules/no-undef.js', 438, 420 ]
242 silly gunzTarPerm extractEntry lib/rules/no-constant-condition.js
243 silly gunzTarPerm modified mode [ 'lib/rules/no-constant-condition.js', 438, 420 ]
244 silly gunzTarPerm extractEntry lib/rules/no-undefined.js
245 silly gunzTarPerm modified mode [ 'lib/rules/no-undefined.js', 438, 420 ]
246 silly gunzTarPerm extractEntry lib/rules/no-console.js
247 silly gunzTarPerm modified mode [ 'lib/rules/no-console.js', 438, 420 ]
248 silly gunzTarPerm extractEntry lib/rules/no-underscore-dangle.js
249 silly gunzTarPerm modified mode [ 'lib/rules/no-underscore-dangle.js', 438, 420 ]
250 silly gunzTarPerm extractEntry lib/rules/no-cond-assign.js
251 silly gunzTarPerm modified mode [ 'lib/rules/no-cond-assign.js', 438, 420 ]
252 silly gunzTarPerm extractEntry lib/rules/no-unexpected-multiline.js
253 silly gunzTarPerm modified mode [ 'lib/rules/no-unexpected-multiline.js', 438, 420 ]
254 silly gunzTarPerm extractEntry lib/rules/no-comma-dangle.js
255 silly gunzTarPerm modified mode [ 'lib/rules/no-comma-dangle.js', 438, 420 ]
256 silly gunzTarPerm extractEntry lib/rules/no-unneeded-ternary.js
257 silly gunzTarPerm modified mode [ 'lib/rules/no-unneeded-ternary.js', 438, 420 ]
258 silly gunzTarPerm extractEntry lib/rules/no-catch-shadow.js
259 silly gunzTarPerm modified mode [ 'lib/rules/no-catch-shadow.js', 438, 420 ]
260 silly gunzTarPerm extractEntry lib/rules/no-unreachable.js
261 silly gunzTarPerm modified mode [ 'lib/rules/no-unreachable.js', 438, 420 ]
262 silly gunzTarPerm extractEntry lib/rules/no-caller.js
263 silly gunzTarPerm modified mode [ 'lib/rules/no-caller.js', 438, 420 ]
264 silly gunzTarPerm extractEntry lib/rules/no-unused-expressions.js
265 silly gunzTarPerm modified mode [ 'lib/rules/no-unused-expressions.js', 438, 420 ]
266 silly gunzTarPerm extractEntry lib/rules/no-bitwise.js
267 silly gunzTarPerm modified mode [ 'lib/rules/no-bitwise.js', 438, 420 ]
268 silly gunzTarPerm extractEntry lib/rules/no-unused-vars.js
269 silly gunzTarPerm modified mode [ 'lib/rules/no-unused-vars.js', 438, 420 ]
270 silly gunzTarPerm extractEntry lib/rules/no-array-constructor.js
271 silly gunzTarPerm modified mode [ 'lib/rules/no-array-constructor.js', 438, 420 ]
272 silly gunzTarPerm extractEntry lib/rules/no-use-before-define.js
273 silly gunzTarPerm modified mode [ 'lib/rules/no-use-before-define.js', 438, 420 ]
274 silly gunzTarPerm extractEntry lib/rules/no-alert.js
275 silly gunzTarPerm modified mode [ 'lib/rules/no-alert.js', 438, 420 ]
276 silly gunzTarPerm extractEntry lib/rules/no-var.js
277 silly gunzTarPerm modified mode [ 'lib/rules/no-var.js', 438, 420 ]
278 silly gunzTarPerm extractEntry lib/rules/newline-after-var.js
279 silly gunzTarPerm modified mode [ 'lib/rules/newline-after-var.js', 438, 420 ]
280 silly gunzTarPerm extractEntry lib/rules/no-void.js
281 silly gunzTarPerm modified mode [ 'lib/rules/no-void.js', 438, 420 ]
282 silly gunzTarPerm extractEntry lib/rules/new-parens.js
283 silly gunzTarPerm modified mode [ 'lib/rules/new-parens.js', 438, 420 ]
284 silly gunzTarPerm extractEntry lib/rules/no-warning-comments.js
285 silly gunzTarPerm modified mode [ 'lib/rules/no-warning-comments.js', 438, 420 ]
286 silly gunzTarPerm extractEntry lib/rules/new-cap.js
287 silly gunzTarPerm modified mode [ 'lib/rules/new-cap.js', 438, 420 ]
288 silly gunzTarPerm extractEntry lib/rules/no-with.js
289 silly gunzTarPerm modified mode [ 'lib/rules/no-with.js', 438, 420 ]
290 silly gunzTarPerm extractEntry lib/rules/max-statements.js
291 silly gunzTarPerm modified mode [ 'lib/rules/max-statements.js', 438, 420 ]
292 silly gunzTarPerm extractEntry lib/rules/no-wrap-func.js
293 silly gunzTarPerm modified mode [ 'lib/rules/no-wrap-func.js', 438, 420 ]
294 silly gunzTarPerm extractEntry lib/rules/max-params.js
295 silly gunzTarPerm modified mode [ 'lib/rules/max-params.js', 438, 420 ]
296 silly gunzTarPerm extractEntry lib/rules/object-curly-spacing.js
297 silly gunzTarPerm modified mode [ 'lib/rules/object-curly-spacing.js', 438, 420 ]
298 silly gunzTarPerm extractEntry lib/rules/max-nested-callbacks.js
299 silly gunzTarPerm modified mode [ 'lib/rules/max-nested-callbacks.js', 438, 420 ]
300 silly gunzTarPerm extractEntry lib/rules/object-shorthand.js
301 silly gunzTarPerm modified mode [ 'lib/rules/object-shorthand.js', 438, 420 ]
302 silly gunzTarPerm extractEntry lib/rules/max-len.js
303 silly gunzTarPerm modified mode [ 'lib/rules/max-len.js', 438, 420 ]
304 silly gunzTarPerm extractEntry lib/rules/one-var.js
305 silly gunzTarPerm modified mode [ 'lib/rules/one-var.js', 438, 420 ]
306 silly gunzTarPerm extractEntry lib/rules/max-depth.js
307 silly gunzTarPerm modified mode [ 'lib/rules/max-depth.js', 438, 420 ]
308 silly gunzTarPerm extractEntry lib/rules/operator-assignment.js
309 silly gunzTarPerm modified mode [ 'lib/rules/operator-assignment.js', 438, 420 ]
310 silly gunzTarPerm extractEntry lib/rules/lines-around-comment.js
311 silly gunzTarPerm modified mode [ 'lib/rules/lines-around-comment.js', 438, 420 ]
312 silly gunzTarPerm extractEntry lib/rules/operator-linebreak.js
313 silly gunzTarPerm modified mode [ 'lib/rules/operator-linebreak.js', 438, 420 ]
314 silly gunzTarPerm extractEntry lib/rules/linebreak-style.js
315 silly gunzTarPerm modified mode [ 'lib/rules/linebreak-style.js', 438, 420 ]
316 silly gunzTarPerm extractEntry lib/rules/padded-blocks.js
317 silly gunzTarPerm modified mode [ 'lib/rules/padded-blocks.js', 438, 420 ]
318 silly gunzTarPerm extractEntry lib/rules/key-spacing.js
319 silly gunzTarPerm modified mode [ 'lib/rules/key-spacing.js', 438, 420 ]
320 silly gunzTarPerm extractEntry lib/rules/prefer-const.js
321 silly gunzTarPerm modified mode [ 'lib/rules/prefer-const.js', 438, 420 ]
322 silly gunzTarPerm extractEntry lib/rules/indent.js
323 silly gunzTarPerm modified mode [ 'lib/rules/indent.js', 438, 420 ]
324 silly gunzTarPerm extractEntry lib/rules/quote-props.js
325 silly gunzTarPerm modified mode [ 'lib/rules/quote-props.js', 438, 420 ]
326 silly gunzTarPerm extractEntry lib/rules/handle-callback-err.js
327 silly gunzTarPerm modified mode [ 'lib/rules/handle-callback-err.js', 438, 420 ]
328 silly gunzTarPerm extractEntry lib/rules/quotes.js
329 silly gunzTarPerm modified mode [ 'lib/rules/quotes.js', 438, 420 ]
330 silly gunzTarPerm extractEntry lib/rules/guard-for-in.js
331 silly gunzTarPerm modified mode [ 'lib/rules/guard-for-in.js', 438, 420 ]
332 silly gunzTarPerm extractEntry lib/rules/radix.js
333 silly gunzTarPerm modified mode [ 'lib/rules/radix.js', 438, 420 ]
334 silly gunzTarPerm extractEntry lib/rules/global-strict.js
335 silly gunzTarPerm modified mode [ 'lib/rules/global-strict.js', 438, 420 ]
336 silly gunzTarPerm extractEntry lib/rules/semi-spacing.js
337 silly gunzTarPerm modified mode [ 'lib/rules/semi-spacing.js', 438, 420 ]
338 silly gunzTarPerm extractEntry lib/rules/generator-star.js
339 silly gunzTarPerm modified mode [ 'lib/rules/generator-star.js', 438, 420 ]
340 silly gunzTarPerm extractEntry lib/rules/semi.js
341 silly gunzTarPerm modified mode [ 'lib/rules/semi.js', 438, 420 ]
342 silly gunzTarPerm extractEntry lib/rules/generator-star-spacing.js
343 silly gunzTarPerm modified mode [ 'lib/rules/generator-star-spacing.js', 438, 420 ]
344 silly gunzTarPerm extractEntry lib/rules/sort-vars.js
345 silly gunzTarPerm modified mode [ 'lib/rules/sort-vars.js', 438, 420 ]
346 silly gunzTarPerm extractEntry lib/rules/func-style.js
347 silly gunzTarPerm modified mode [ 'lib/rules/func-style.js', 438, 420 ]
348 silly gunzTarPerm extractEntry lib/rules/space-after-function-name.js
349 silly gunzTarPerm modified mode [ 'lib/rules/space-after-function-name.js', 438, 420 ]
350 silly gunzTarPerm extractEntry lib/rules/func-names.js
351 silly gunzTarPerm modified mode [ 'lib/rules/func-names.js', 438, 420 ]
352 silly gunzTarPerm extractEntry lib/rules/space-after-keywords.js
353 silly gunzTarPerm modified mode [ 'lib/rules/space-after-keywords.js', 438, 420 ]
354 silly gunzTarPerm extractEntry lib/rules/eqeqeq.js
355 silly gunzTarPerm modified mode [ 'lib/rules/eqeqeq.js', 438, 420 ]
356 silly gunzTarPerm extractEntry lib/rules/space-before-blocks.js
357 silly gunzTarPerm modified mode [ 'lib/rules/space-before-blocks.js', 438, 420 ]
358 silly gunzTarPerm extractEntry lib/rules/eol-last.js
359 silly gunzTarPerm modified mode [ 'lib/rules/eol-last.js', 438, 420 ]
360 silly gunzTarPerm extractEntry lib/rules/space-before-function-paren.js
361 silly gunzTarPerm modified mode [ 'lib/rules/space-before-function-paren.js', 438, 420 ]
362 silly gunzTarPerm extractEntry lib/rules/dot-notation.js
363 silly gunzTarPerm modified mode [ 'lib/rules/dot-notation.js', 438, 420 ]
364 silly gunzTarPerm extractEntry lib/rules/space-before-function-parentheses.js
365 silly gunzTarPerm modified mode [ 'lib/rules/space-before-function-parentheses.js', 438, 420 ]
366 silly gunzTarPerm extractEntry lib/rules/dot-location.js
367 silly gunzTarPerm modified mode [ 'lib/rules/dot-location.js', 438, 420 ]
368 silly gunzTarPerm extractEntry lib/rules/space-in-brackets.js
369 silly gunzTarPerm modified mode [ 'lib/rules/space-in-brackets.js', 438, 420 ]
370 silly gunzTarPerm extractEntry lib/rules/default-case.js
371 silly gunzTarPerm modified mode [ 'lib/rules/default-case.js', 438, 420 ]
372 silly gunzTarPerm extractEntry lib/rules/space-in-parens.js
373 silly gunzTarPerm modified mode [ 'lib/rules/space-in-parens.js', 438, 420 ]
374 silly gunzTarPerm extractEntry lib/rules/curly.js
375 silly gunzTarPerm modified mode [ 'lib/rules/curly.js', 438, 420 ]
376 silly gunzTarPerm extractEntry lib/rules/space-infix-ops.js
377 silly gunzTarPerm modified mode [ 'lib/rules/space-infix-ops.js', 438, 420 ]
378 silly gunzTarPerm extractEntry lib/rules/constructor-super.js
379 silly gunzTarPerm modified mode [ 'lib/rules/constructor-super.js', 438, 420 ]
380 silly gunzTarPerm extractEntry lib/rules/space-return-throw-case.js
381 silly gunzTarPerm modified mode [ 'lib/rules/space-return-throw-case.js', 438, 420 ]
382 silly gunzTarPerm extractEntry lib/rules/consistent-this.js
383 silly gunzTarPerm modified mode [ 'lib/rules/consistent-this.js', 438, 420 ]
384 silly gunzTarPerm extractEntry lib/rules/space-unary-ops.js
385 silly gunzTarPerm modified mode [ 'lib/rules/space-unary-ops.js', 438, 420 ]
386 silly gunzTarPerm extractEntry lib/rules/consistent-return.js
387 silly gunzTarPerm modified mode [ 'lib/rules/consistent-return.js', 438, 420 ]
388 silly gunzTarPerm extractEntry lib/rules/spaced-comment.js
389 silly gunzTarPerm modified mode [ 'lib/rules/spaced-comment.js', 438, 420 ]
390 silly gunzTarPerm extractEntry lib/rules/computed-property-spacing.js
391 silly gunzTarPerm modified mode [ 'lib/rules/computed-property-spacing.js', 438, 420 ]
392 silly gunzTarPerm extractEntry lib/rules/spaced-line-comment.js
393 silly gunzTarPerm modified mode [ 'lib/rules/spaced-line-comment.js', 438, 420 ]
394 silly gunzTarPerm extractEntry lib/rules/complexity.js
395 silly gunzTarPerm modified mode [ 'lib/rules/complexity.js', 438, 420 ]
396 silly gunzTarPerm extractEntry lib/rules/strict.js
397 silly gunzTarPerm modified mode [ 'lib/rules/strict.js', 438, 420 ]
398 silly gunzTarPerm extractEntry lib/rules/comma-style.js
399 silly gunzTarPerm modified mode [ 'lib/rules/comma-style.js', 438, 420 ]
400 silly gunzTarPerm extractEntry lib/rules/use-isnan.js
401 silly gunzTarPerm modified mode [ 'lib/rules/use-isnan.js', 438, 420 ]
402 silly gunzTarPerm extractEntry lib/rules/comma-spacing.js
403 silly gunzTarPerm modified mode [ 'lib/rules/comma-spacing.js', 438, 420 ]
404 silly gunzTarPerm extractEntry lib/rules/valid-jsdoc.js
405 silly gunzTarPerm modified mode [ 'lib/rules/valid-jsdoc.js', 438, 420 ]
406 silly gunzTarPerm extractEntry lib/rules/comma-dangle.js
407 silly gunzTarPerm modified mode [ 'lib/rules/comma-dangle.js', 438, 420 ]
408 silly gunzTarPerm extractEntry lib/rules/valid-typeof.js
409 silly gunzTarPerm modified mode [ 'lib/rules/valid-typeof.js', 438, 420 ]
410 silly gunzTarPerm extractEntry lib/rules/camelcase.js
411 silly gunzTarPerm modified mode [ 'lib/rules/camelcase.js', 438, 420 ]
412 silly gunzTarPerm extractEntry lib/rules/vars-on-top.js
413 silly gunzTarPerm modified mode [ 'lib/rules/vars-on-top.js', 438, 420 ]
414 silly gunzTarPerm extractEntry lib/rules/brace-style.js
415 silly gunzTarPerm modified mode [ 'lib/rules/brace-style.js', 438, 420 ]
416 silly gunzTarPerm extractEntry lib/rules/wrap-iife.js
417 silly gunzTarPerm modified mode [ 'lib/rules/wrap-iife.js', 438, 420 ]
418 silly gunzTarPerm extractEntry lib/rules/block-scoped-var.js
419 silly gunzTarPerm modified mode [ 'lib/rules/block-scoped-var.js', 438, 420 ]
420 silly gunzTarPerm extractEntry lib/rules/wrap-regex.js
421 silly gunzTarPerm modified mode [ 'lib/rules/wrap-regex.js', 438, 420 ]
422 silly gunzTarPerm extractEntry lib/rules/array-bracket-spacing.js
423 silly gunzTarPerm modified mode [ 'lib/rules/array-bracket-spacing.js', 438, 420 ]
424 silly gunzTarPerm extractEntry lib/rules/yoda.js
425 silly gunzTarPerm modified mode [ 'lib/rules/yoda.js', 438, 420 ]
426 silly gunzTarPerm extractEntry lib/rules/no-multi-spaces.js
427 silly gunzTarPerm modified mode [ 'lib/rules/no-multi-spaces.js', 438, 420 ]
428 silly gunzTarPerm extractEntry lib/formatters/checkstyle.js
429 silly gunzTarPerm modified mode [ 'lib/formatters/checkstyle.js', 438, 420 ]
430 silly gunzTarPerm extractEntry lib/formatters/compact.js
431 silly gunzTarPerm modified mode [ 'lib/formatters/compact.js', 438, 420 ]
432 silly gunzTarPerm extractEntry lib/formatters/jslint-xml.js
433 silly gunzTarPerm modified mode [ 'lib/formatters/jslint-xml.js', 438, 420 ]
434 silly gunzTarPerm extractEntry lib/formatters/junit.js
435 silly gunzTarPerm modified mode [ 'lib/formatters/junit.js', 438, 420 ]
436 silly gunzTarPerm extractEntry lib/formatters/stylish.js
437 silly gunzTarPerm modified mode [ 'lib/formatters/stylish.js', 438, 420 ]
438 silly gunzTarPerm extractEntry lib/formatters/tap.js
439 silly gunzTarPerm modified mode [ 'lib/formatters/tap.js', 438, 420 ]
440 silly gunzTarPerm extractEntry lib/util/traverse.js
441 silly gunzTarPerm modified mode [ 'lib/util/traverse.js', 438, 420 ]
442 silly lockFile 06902176-88830-0-7364951502531767-package tar:///var/folders/10/3v130jzx1hs1cnp96rr567zw0000gn/T/npm-13477-SkGvQFSW/1437363588830-0.7364951502531767/package
443 silly lockFile 06902176-88830-0-7364951502531767-package tar:///var/folders/10/3v130jzx1hs1cnp96rr567zw0000gn/T/npm-13477-SkGvQFSW/1437363588830-0.7364951502531767/package
444 silly lockFile 685d3902-88830-0-7364951502531767-tmp-tgz tar:///var/folders/10/3v130jzx1hs1cnp96rr567zw0000gn/T/npm-13477-SkGvQFSW/1437363588830-0.7364951502531767/tmp.tgz
445 silly lockFile 685d3902-88830-0-7364951502531767-tmp-tgz tar:///var/folders/10/3v130jzx1hs1cnp96rr567zw0000gn/T/npm-13477-SkGvQFSW/1437363588830-0.7364951502531767/tmp.tgz
446 verbose tar pack [ '/Users/JPotter/.npm/eslint/0.24.1/package.tgz',
446 verbose tar pack   '/var/folders/10/3v130jzx1hs1cnp96rr567zw0000gn/T/npm-13477-SkGvQFSW/1437363588830-0.7364951502531767/package' ]
447 verbose tarball /Users/JPotter/.npm/eslint/0.24.1/package.tgz
448 verbose folder /var/folders/10/3v130jzx1hs1cnp96rr567zw0000gn/T/npm-13477-SkGvQFSW/1437363588830-0.7364951502531767/package
449 silly lockFile 06902176-88830-0-7364951502531767-package tar:///var/folders/10/3v130jzx1hs1cnp96rr567zw0000gn/T/npm-13477-SkGvQFSW/1437363588830-0.7364951502531767/package
450 verbose lock tar:///var/folders/10/3v130jzx1hs1cnp96rr567zw0000gn/T/npm-13477-SkGvQFSW/1437363588830-0.7364951502531767/package /Users/JPotter/.npm/06902176-88830-0-7364951502531767-package.lock
451 silly lockFile 32cd56ee-er-npm-eslint-0-24-1-package-tgz tar:///Users/JPotter/.npm/eslint/0.24.1/package.tgz
452 verbose lock tar:///Users/JPotter/.npm/eslint/0.24.1/package.tgz /Users/JPotter/.npm/32cd56ee-er-npm-eslint-0-24-1-package-tgz.lock
453 silly lockFile 06902176-88830-0-7364951502531767-package tar:///var/folders/10/3v130jzx1hs1cnp96rr567zw0000gn/T/npm-13477-SkGvQFSW/1437363588830-0.7364951502531767/package
454 silly lockFile 06902176-88830-0-7364951502531767-package tar:///var/folders/10/3v130jzx1hs1cnp96rr567zw0000gn/T/npm-13477-SkGvQFSW/1437363588830-0.7364951502531767/package
455 silly lockFile 32cd56ee-er-npm-eslint-0-24-1-package-tgz tar:///Users/JPotter/.npm/eslint/0.24.1/package.tgz
456 silly lockFile 32cd56ee-er-npm-eslint-0-24-1-package-tgz tar:///Users/JPotter/.npm/eslint/0.24.1/package.tgz
457 silly lockFile 445b29e2-Potter-npm-eslint-0-24-1-package /Users/JPotter/.npm/eslint/0.24.1/package
458 verbose lock /Users/JPotter/.npm/eslint/0.24.1/package /Users/JPotter/.npm/445b29e2-Potter-npm-eslint-0-24-1-package.lock
459 silly lockFile 445b29e2-Potter-npm-eslint-0-24-1-package /Users/JPotter/.npm/eslint/0.24.1/package
460 silly lockFile 445b29e2-Potter-npm-eslint-0-24-1-package /Users/JPotter/.npm/eslint/0.24.1/package
461 verbose tar unpack /Users/JPotter/.npm/eslint/0.24.1/package.tgz
462 silly lockFile a241da3e-Potter-npm-eslint-0-24-1-package tar:///Users/JPotter/.npm/eslint/0.24.1/package
463 verbose lock tar:///Users/JPotter/.npm/eslint/0.24.1/package /Users/JPotter/.npm/a241da3e-Potter-npm-eslint-0-24-1-package.lock
464 silly lockFile 32cd56ee-er-npm-eslint-0-24-1-package-tgz tar:///Users/JPotter/.npm/eslint/0.24.1/package.tgz
465 verbose lock tar:///Users/JPotter/.npm/eslint/0.24.1/package.tgz /Users/JPotter/.npm/32cd56ee-er-npm-eslint-0-24-1-package-tgz.lock
466 silly gunzTarPerm modes [ '755', '644' ]
467 silly gunzTarPerm extractEntry package.json
468 silly gunzTarPerm extractEntry README.md
469 silly gunzTarPerm extractEntry LICENSE
470 silly gunzTarPerm extractEntry bin/eslint.js
471 silly gunzTarPerm extractEntry conf/environments.js
472 silly gunzTarPerm extractEntry conf/eslint.json
473 silly gunzTarPerm extractEntry lib/api.js
474 silly gunzTarPerm extractEntry lib/config-validator.js
475 silly gunzTarPerm extractEntry lib/config.js
476 silly gunzTarPerm extractEntry lib/eslint.js
477 silly gunzTarPerm extractEntry lib/file-finder.js
478 silly gunzTarPerm extractEntry lib/config-initializer.js
479 silly gunzTarPerm extractEntry lib/cli-engine.js
480 silly gunzTarPerm extractEntry lib/load-rules.js
481 silly gunzTarPerm extractEntry lib/options.js
482 silly gunzTarPerm extractEntry lib/rule-context.js
483 silly gunzTarPerm extractEntry lib/timing.js
484 silly gunzTarPerm extractEntry lib/cli.js
485 silly gunzTarPerm extractEntry lib/rules.js
486 silly gunzTarPerm extractEntry lib/token-store.js
487 silly gunzTarPerm extractEntry lib/util.js
488 silly gunzTarPerm extractEntry lib/ignored-paths.js
489 silly gunzTarPerm extractEntry lib/rules/accessor-pairs.js
490 silly gunzTarPerm extractEntry lib/rules/no-loop-func.js
491 silly gunzTarPerm extractEntry lib/rules/no-mixed-requires.js
492 silly gunzTarPerm extractEntry lib/rules/no-mixed-spaces-and-tabs.js
493 silly gunzTarPerm extractEntry lib/rules/no-lonely-if.js
494 silly gunzTarPerm extractEntry lib/rules/no-multi-str.js
495 silly gunzTarPerm extractEntry lib/rules/no-multiple-empty-lines.js
496 silly gunzTarPerm extractEntry lib/rules/no-native-reassign.js
497 silly gunzTarPerm extractEntry lib/rules/no-negated-in-lhs.js
498 silly gunzTarPerm extractEntry lib/rules/no-nested-ternary.js
499 silly gunzTarPerm extractEntry lib/rules/no-lone-blocks.js
500 silly gunzTarPerm extractEntry lib/rules/no-new-func.js
501 silly gunzTarPerm extractEntry lib/rules/no-labels.js
502 silly gunzTarPerm extractEntry lib/rules/no-new-object.js
503 silly gunzTarPerm extractEntry lib/rules/no-label-var.js
504 silly gunzTarPerm extractEntry lib/rules/no-new-require.js
505 silly gunzTarPerm extractEntry lib/rules/no-iterator.js
506 silly gunzTarPerm extractEntry lib/rules/no-new-wrappers.js
507 silly gunzTarPerm extractEntry lib/rules/no-irregular-whitespace.js
508 silly gunzTarPerm extractEntry lib/rules/no-new.js
509 silly gunzTarPerm extractEntry lib/rules/no-invalid-regexp.js
510 silly gunzTarPerm extractEntry lib/rules/no-obj-calls.js
511 silly gunzTarPerm extractEntry lib/rules/no-inner-declarations.js
512 silly gunzTarPerm extractEntry lib/rules/no-octal-escape.js
513 silly gunzTarPerm extractEntry lib/rules/no-inline-comments.js
514 silly gunzTarPerm extractEntry lib/rules/no-octal.js
515 silly gunzTarPerm extractEntry lib/rules/no-implied-eval.js
516 silly gunzTarPerm extractEntry lib/rules/no-param-reassign.js
517 silly gunzTarPerm extractEntry lib/rules/no-func-assign.js
518 silly gunzTarPerm extractEntry lib/rules/no-path-concat.js
519 silly gunzTarPerm extractEntry lib/rules/no-floating-decimal.js
520 silly gunzTarPerm extractEntry lib/rules/no-plusplus.js
521 silly gunzTarPerm extractEntry lib/rules/no-fallthrough.js
522 silly gunzTarPerm extractEntry lib/rules/no-process-env.js
523 silly gunzTarPerm extractEntry lib/rules/no-extra-strict.js
524 silly gunzTarPerm extractEntry lib/rules/no-process-exit.js
525 silly gunzTarPerm extractEntry lib/rules/no-extra-semi.js
526 silly gunzTarPerm extractEntry lib/rules/no-proto.js
527 silly gunzTarPerm extractEntry lib/rules/no-extra-parens.js
528 silly gunzTarPerm extractEntry lib/rules/no-redeclare.js
529 silly gunzTarPerm extractEntry lib/rules/no-extra-boolean-cast.js
530 silly gunzTarPerm extractEntry lib/rules/no-regex-spaces.js
531 silly gunzTarPerm extractEntry lib/rules/no-extra-bind.js
532 silly gunzTarPerm extractEntry lib/rules/no-reserved-keys.js
533 silly gunzTarPerm extractEntry lib/rules/no-extend-native.js
534 silly gunzTarPerm extractEntry lib/rules/no-restricted-modules.js
535 silly gunzTarPerm extractEntry lib/rules/no-ex-assign.js
536 silly gunzTarPerm extractEntry lib/rules/no-return-assign.js
537 silly gunzTarPerm extractEntry lib/rules/no-eval.js
538 silly gunzTarPerm extractEntry lib/rules/no-script-url.js
539 silly gunzTarPerm extractEntry lib/rules/no-eq-null.js
540 silly gunzTarPerm extractEntry lib/rules/no-self-compare.js
541 silly gunzTarPerm extractEntry lib/rules/no-empty.js
542 silly gunzTarPerm extractEntry lib/rules/no-sequences.js
543 silly gunzTarPerm extractEntry lib/rules/no-empty-label.js
544 silly gunzTarPerm extractEntry lib/rules/no-shadow-restricted-names.js
545 silly gunzTarPerm extractEntry lib/rules/no-empty-class.js
546 silly gunzTarPerm extractEntry lib/rules/no-shadow.js
547 silly gunzTarPerm extractEntry lib/rules/no-empty-character-class.js
548 silly gunzTarPerm extractEntry lib/rules/no-space-before-semi.js
549 silly gunzTarPerm extractEntry lib/rules/no-else-return.js
550 silly gunzTarPerm extractEntry lib/rules/no-spaced-func.js
551 silly gunzTarPerm extractEntry lib/rules/no-duplicate-case.js
552 silly gunzTarPerm extractEntry lib/rules/no-sparse-arrays.js
553 silly gunzTarPerm extractEntry lib/rules/no-dupe-keys.js
554 silly gunzTarPerm extractEntry lib/rules/no-sync.js
555 silly gunzTarPerm extractEntry lib/rules/no-dupe-args.js
556 silly gunzTarPerm extractEntry lib/rules/no-ternary.js
557 silly gunzTarPerm extractEntry lib/rules/no-div-regex.js
558 silly gunzTarPerm extractEntry lib/rules/no-this-before-super.js
559 silly gunzTarPerm extractEntry lib/rules/no-delete-var.js
560 silly gunzTarPerm extractEntry lib/rules/no-throw-literal.js
561 silly gunzTarPerm extractEntry lib/rules/no-debugger.js
562 silly gunzTarPerm extractEntry lib/rules/no-trailing-spaces.js
563 silly gunzTarPerm extractEntry lib/rules/no-control-regex.js
564 silly gunzTarPerm extractEntry lib/rules/no-undef-init.js
565 silly gunzTarPerm extractEntry lib/rules/no-continue.js
566 silly gunzTarPerm extractEntry lib/rules/no-undef.js
567 silly gunzTarPerm extractEntry lib/rules/no-constant-condition.js
568 silly gunzTarPerm extractEntry lib/rules/no-undefined.js
569 silly gunzTarPerm extractEntry lib/rules/no-console.js
570 silly gunzTarPerm extractEntry lib/rules/no-underscore-dangle.js
571 silly gunzTarPerm extractEntry lib/rules/no-cond-assign.js
572 silly gunzTarPerm extractEntry lib/rules/no-unexpected-multiline.js
573 silly gunzTarPerm extractEntry lib/rules/no-comma-dangle.js
574 silly gunzTarPerm extractEntry lib/rules/no-unneeded-ternary.js
575 silly gunzTarPerm extractEntry lib/rules/no-catch-shadow.js
576 silly gunzTarPerm extractEntry lib/rules/no-unreachable.js
577 silly gunzTarPerm extractEntry lib/rules/no-caller.js
578 silly gunzTarPerm extractEntry lib/rules/no-unused-expressions.js
579 silly gunzTarPerm extractEntry lib/rules/no-bitwise.js
580 silly gunzTarPerm extractEntry lib/rules/no-unused-vars.js
581 silly gunzTarPerm extractEntry lib/rules/no-array-constructor.js
582 silly gunzTarPerm extractEntry lib/rules/no-use-before-define.js
583 silly gunzTarPerm extractEntry lib/rules/no-alert.js
584 silly gunzTarPerm extractEntry lib/rules/no-var.js
585 silly gunzTarPerm extractEntry lib/rules/newline-after-var.js
586 silly gunzTarPerm extractEntry lib/rules/no-void.js
587 silly gunzTarPerm extractEntry lib/rules/new-parens.js
588 silly gunzTarPerm extractEntry lib/rules/no-warning-comments.js
589 silly gunzTarPerm extractEntry lib/rules/new-cap.js
590 silly gunzTarPerm extractEntry lib/rules/no-with.js
591 silly gunzTarPerm extractEntry lib/rules/max-statements.js
592 silly gunzTarPerm extractEntry lib/rules/no-wrap-func.js
593 silly gunzTarPerm extractEntry lib/rules/max-params.js
594 silly gunzTarPerm extractEntry lib/rules/object-curly-spacing.js
595 silly gunzTarPerm extractEntry lib/rules/max-nested-callbacks.js
596 silly gunzTarPerm extractEntry lib/rules/object-shorthand.js
597 silly gunzTarPerm extractEntry lib/rules/max-len.js
598 silly gunzTarPerm extractEntry lib/rules/one-var.js
599 silly gunzTarPerm extractEntry lib/rules/max-depth.js
600 silly gunzTarPerm extractEntry lib/rules/operator-assignment.js
601 silly gunzTarPerm extractEntry lib/rules/lines-around-comment.js
602 silly gunzTarPerm extractEntry lib/rules/operator-linebreak.js
603 silly gunzTarPerm extractEntry lib/rules/linebreak-style.js
604 silly gunzTarPerm extractEntry lib/rules/padded-blocks.js
605 silly gunzTarPerm extractEntry lib/rules/key-spacing.js
606 silly gunzTarPerm extractEntry lib/rules/prefer-const.js
607 silly gunzTarPerm extractEntry lib/rules/indent.js
608 silly gunzTarPerm extractEntry lib/rules/quote-props.js
609 silly gunzTarPerm extractEntry lib/rules/handle-callback-err.js
610 silly gunzTarPerm extractEntry lib/rules/quotes.js
611 silly gunzTarPerm extractEntry lib/rules/guard-for-in.js
612 silly gunzTarPerm extractEntry lib/rules/radix.js
613 silly gunzTarPerm extractEntry lib/rules/global-strict.js
614 silly gunzTarPerm extractEntry lib/rules/semi-spacing.js
615 silly gunzTarPerm extractEntry lib/rules/generator-star.js
616 silly gunzTarPerm extractEntry lib/rules/semi.js
617 silly gunzTarPerm extractEntry lib/rules/generator-star-spacing.js
618 silly gunzTarPerm extractEntry lib/rules/sort-vars.js
619 silly gunzTarPerm extractEntry lib/rules/func-style.js
620 silly gunzTarPerm extractEntry lib/rules/space-after-function-name.js
621 silly gunzTarPerm extractEntry lib/rules/func-names.js
622 silly gunzTarPerm extractEntry lib/rules/space-after-keywords.js
623 silly gunzTarPerm extractEntry lib/rules/eqeqeq.js
624 silly gunzTarPerm extractEntry lib/rules/space-before-blocks.js
625 silly gunzTarPerm extractEntry lib/rules/eol-last.js
626 silly gunzTarPerm extractEntry lib/rules/space-before-function-paren.js
627 silly gunzTarPerm extractEntry lib/rules/dot-notation.js
628 silly gunzTarPerm extractEntry lib/rules/space-before-function-parentheses.js
629 silly gunzTarPerm extractEntry lib/rules/dot-location.js
630 silly gunzTarPerm extractEntry lib/rules/space-in-brackets.js
631 silly gunzTarPerm extractEntry lib/rules/default-case.js
632 silly gunzTarPerm extractEntry lib/rules/space-in-parens.js
633 silly gunzTarPerm extractEntry lib/rules/curly.js
634 silly gunzTarPerm extractEntry lib/rules/space-infix-ops.js
635 silly gunzTarPerm extractEntry lib/rules/constructor-super.js
636 silly gunzTarPerm extractEntry lib/rules/space-return-throw-case.js
637 silly gunzTarPerm extractEntry lib/rules/consistent-this.js
638 silly gunzTarPerm extractEntry lib/rules/space-unary-ops.js
639 silly gunzTarPerm extractEntry lib/rules/consistent-return.js
640 silly gunzTarPerm extractEntry lib/rules/spaced-comment.js
641 silly gunzTarPerm extractEntry lib/rules/computed-property-spacing.js
642 silly gunzTarPerm extractEntry lib/rules/spaced-line-comment.js
643 silly gunzTarPerm extractEntry lib/rules/complexity.js
644 silly gunzTarPerm extractEntry lib/rules/strict.js
645 silly gunzTarPerm extractEntry lib/rules/comma-style.js
646 silly gunzTarPerm extractEntry lib/rules/use-isnan.js
647 silly gunzTarPerm extractEntry lib/rules/comma-spacing.js
648 silly gunzTarPerm extractEntry lib/rules/valid-jsdoc.js
649 silly gunzTarPerm extractEntry lib/rules/comma-dangle.js
650 silly gunzTarPerm extractEntry lib/rules/valid-typeof.js
651 silly gunzTarPerm extractEntry lib/rules/camelcase.js
652 silly gunzTarPerm extractEntry lib/rules/vars-on-top.js
653 silly gunzTarPerm extractEntry lib/rules/brace-style.js
654 silly gunzTarPerm extractEntry lib/rules/wrap-iife.js
655 silly gunzTarPerm extractEntry lib/rules/block-scoped-var.js
656 silly gunzTarPerm extractEntry lib/rules/wrap-regex.js
657 silly gunzTarPerm extractEntry lib/rules/array-bracket-spacing.js
658 silly gunzTarPerm extractEntry lib/rules/yoda.js
659 silly gunzTarPerm extractEntry lib/rules/no-multi-spaces.js
660 silly gunzTarPerm extractEntry lib/formatters/checkstyle.js
661 silly gunzTarPerm extractEntry lib/formatters/compact.js
662 silly gunzTarPerm extractEntry lib/formatters/jslint-xml.js
663 silly gunzTarPerm extractEntry lib/formatters/junit.js
664 silly gunzTarPerm extractEntry lib/formatters/stylish.js
665 silly gunzTarPerm extractEntry lib/formatters/tap.js
666 silly gunzTarPerm extractEntry lib/util/traverse.js
667 silly lockFile a241da3e-Potter-npm-eslint-0-24-1-package tar:///Users/JPotter/.npm/eslint/0.24.1/package
668 silly lockFile a241da3e-Potter-npm-eslint-0-24-1-package tar:///Users/JPotter/.npm/eslint/0.24.1/package
669 silly lockFile 32cd56ee-er-npm-eslint-0-24-1-package-tgz tar:///Users/JPotter/.npm/eslint/0.24.1/package.tgz
670 silly lockFile 32cd56ee-er-npm-eslint-0-24-1-package-tgz tar:///Users/JPotter/.npm/eslint/0.24.1/package.tgz
671 verbose chmod /Users/JPotter/.npm/eslint/0.24.1/package.tgz 644
672 verbose chown /Users/JPotter/.npm/eslint/0.24.1/package.tgz [ 501, 20 ]
673 silly lockFile b5f6b40b-mjs-org-eslint-eslint-0-24-1-tgz https://registry.npmjs.org/eslint/-/eslint-0.24.1.tgz
674 silly lockFile b5f6b40b-mjs-org-eslint-eslint-0-24-1-tgz https://registry.npmjs.org/eslint/-/eslint-0.24.1.tgz
675 silly lockFile be519808-eslint-0-24-1 eslint@0.24.1
676 silly lockFile be519808-eslint-0-24-1 eslint@0.24.1
677 silly lockFile 62e46387-eslint eslint@
678 silly lockFile 62e46387-eslint eslint@
679 silly resolved [ { name: 'eslint',
679 silly resolved     version: '0.24.1',
679 silly resolved     author:
679 silly resolved      { name: 'Nicholas C. Zakas',
679 silly resolved        email: 'nicholas+npm@nczconsulting.com' },
679 silly resolved     description: 'An AST-based pattern checker for JavaScript.',
679 silly resolved     bin: { eslint: './bin/eslint.js' },
679 silly resolved     main: './lib/api.js',
679 silly resolved     scripts:
679 silly resolved      { test: 'node Makefile.js test',
679 silly resolved        lint: 'node Makefile.js lint',
679 silly resolved        patch: 'node Makefile.js patch',
679 silly resolved        minor: 'node Makefile.js minor',
679 silly resolved        major: 'node Makefile.js major',
679 silly resolved        docs: 'node Makefile.js docs',
679 silly resolved        gensite: 'node Makefile.js gensite',
679 silly resolved        browserify: 'node Makefile.js browserify',
679 silly resolved        perf: 'node Makefile.js perf',
679 silly resolved        profile: 'beefy tests/bench/bench.js --open -- -t brfs -t ./tests/bench/xform-rules.js -r espree',
679 silly resolved        coveralls: 'cat ./coverage/lcov.info | coveralls' },
679 silly resolved     files: [ 'LICENSE', 'README.md', 'bin', 'conf', 'lib' ],
679 silly resolved     repository: { type: 'git', url: 'https://github.com/eslint/eslint' },
679 silly resolved     homepage: 'http://eslint.org',
679 silly resolved     bugs: { url: 'https://github.com/eslint/eslint/issues/' },
679 silly resolved     dependencies:
679 silly resolved      { chalk: '^1.0.0',
679 silly resolved        'concat-stream': '^1.4.6',
679 silly resolved        debug: '^2.1.1',
679 silly resolved        doctrine: '^0.6.2',
679 silly resolved        'escape-string-regexp': '^1.0.2',
679 silly resolved        escope: '^3.1.0',
679 silly resolved        espree: '^2.0.1',
679 silly resolved        estraverse: '^4.1.0',
679 silly resolved        'estraverse-fb': '^1.3.1',
679 silly resolved        globals: '^8.0.0',
679 silly resolved        inquirer: '^0.8.2',
679 silly resolved        'is-my-json-valid': '^2.10.0',
679 silly resolved        'js-yaml': '^3.2.5',
679 silly resolved        minimatch: '^2.0.1',
679 silly resolved        mkdirp: '^0.5.0',
679 silly resolved        'object-assign': '^2.0.0',
679 silly resolved        optionator: '^0.5.0',
679 silly resolved        'path-is-absolute': '^1.0.0',
679 silly resolved        'strip-json-comments': '~1.0.1',
679 silly resolved        'text-table': '~0.2.0',
679 silly resolved        'user-home': '^1.0.0',
679 silly resolved        'xml-escape': '~1.0.0' },
679 silly resolved     devDependencies:
679 silly resolved      { beefy: '^1.0.0',
679 silly resolved        brfs: '0.0.9',
679 silly resolved        browserify: '^8.1.3',
679 silly resolved        chai: '^1.9.1',
679 silly resolved        coveralls: '2.11.2',
679 silly resolved        dateformat: '^1.0.8',
679 silly resolved        'eslint-tester': '^0.8.1',
679 silly resolved        'esprima-fb': '^10001.1.0-dev-harmony-fb',
679 silly resolved        'gh-got': '^1.0.3',
679 silly resolved        istanbul: '^0.3.5',
679 silly resolved        jsdoc: '^3.3.0-beta1',
679 silly resolved        jsonlint: '^1.6.2',
679 silly resolved        markdownlint: '^0.0.6',
679 silly resolved        mocha: '^2.1.0',
679 silly resolved        'mocha-phantomjs': '^3.5.0',
679 silly resolved        'npm-license': '^0.2.3',
679 silly resolved        phantomjs: '^1.9.9',
679 silly resolved        proxyquire: '^1.0.0',
679 silly resolved        semver: '^4.1.0',
679 silly resolved        shelljs: '^0.3.0',
679 silly resolved        'shelljs-nodecli': '~0.1.0',
679 silly resolved        sinon: '1.14.1',
679 silly resolved        through: '^2.3.6' },
679 silly resolved     keywords: [ 'ast', 'lint', 'javascript', 'ecmascript', 'espree' ],
679 silly resolved     license: 'MIT',
679 silly resolved     engines: { node: '>=0.10' },
679 silly resolved     readme: '[![NPM version][npm-image]][npm-url]\n[![build status][travis-image]][travis-url]\n[![Test coverage][coveralls-image]][coveralls-url]\n[![Downloads][downloads-image]][downloads-url]\n[![Bountysource](https://www.bountysource.com/badge/tracker?tracker_id=282608)](https://www.bountysource.com/trackers/282608-eslint?utm_source=282608&utm_medium=shield&utm_campaign=TRACKER_BADGE)\n[![Join the chat at https://gitter.im/eslint/eslint](https://badges.gitter.im/Join%20Chat.svg)](https://gitter.im/eslint/eslint?utm_source=badge&utm_medium=badge&utm_campaign=pr-badge&utm_content=badge)\n\n# ESLint\n\n[Website](http://eslint.org) | [Configuring](http://eslint.org/docs/user-guide/configuring) | [Rules](http://eslint.org/docs/rules/) | [Contributing](http://eslint.org/docs/developer-guide/contributing) | [Twitter](https://twitter.com/geteslint) | [Mailing List](https://groups.google.com/group/eslint)\n\nESLint is a tool for identifying and reporting on patterns found in ECMAScript/JavaScript code. In many ways, it is similar to JSLint and JSHint with a few exceptions:\n\n* ESLint uses [Espree](https://github.com/eslint/espree) for JavaScript parsing.\n* ESLint uses an AST to evaluate patterns in code.\n* ESLint is completely pluggable, every single rule is a plugin and you can add more at runtime.\n\n## Installation\n\nYou can install ESLint using npm:\n\n    npm install -g eslint\n\n## Usage\n\nIf it\'s your first time using ESLint, you should set up a config file using `--init`:\n\n    eslint --init\n\nAfter that, you can run ESLint on any JavaScript file:\n\n    eslint test.js test2.js\n\n## Team\n\nThese folks keep the project moving and are resources for help:\n\n* Nicholas C. Zakas ([@nzakas](https://github.com/nzakas)) - project lead\n* Ilya Volodin ([@ilyavolodin](https://github.com/ilyavolodin)) - reviewer\n* Brandon Mills ([@btmills](https://github.com/btmills)) - reviewer\n* Mathias Schreck ([@lo1tuma](https://github.com/lo1tuma)) - committer\n* Gyandeep Singh ([@gyandeeps](https://github.com/gyandeeps)) - committer\n* Jamund Ferguson ([@xjamundx](https://github.com/xjamundx)) - committer\n\n\n## Frequently Asked Questions\n\n### Why don\'t you like JSHint???\n\nI do like JSHint. And I like Anton and Rick. Neither of those were deciding factors in creating this tool. The fact is that I\'ve had a dire need for a JavaScript tool with pluggable linting rules. I had hoped JSHint would be able to do this, however after chatting with Anton, I found that the planned plugin infrastructure wasn\'t going to suit my purpose.\n\n### I\'m not giving up JSHint for this!\n\nThat\'s not really a question, but I got it. I\'m not trying to convince you that ESLint is better than JSHint. The only thing I know is that ESLint is better than JSHint for what I\'m doing. In the off chance you\'re doing something similar, it might be better for you. Otherwise, keep using JSHint, I\'m certainly not going to tell you to stop using it.\n\n### How does ESLint performance compare to JSHint and JSCS?\n\nESLint is slower than JSHint, usually 2-3x slower on a single file. This is because ESLint uses Espree to construct an AST before it can evaluate your code whereas JSHint evaluates your code as it\'s being parsed. The speed is also based on the number of rules you enable; the more rules you enable, the slower the process.\n\nDespite being slower, we believe that ESLint is fast enough to replace JSHint without causing significant pain.\n\nESLint is faster than JSCS, as ESLint uses a single-pass traversal for analysis whereas JSCS using a querying model.\n\nIf you are using both JSHint and JSCS on your files, then using just ESLint will be faster.\n\n### Is ESLint just linting or does it also check style?\n\nESLint does both traditional linting (looking for problematic patterns) and style checking (enforcement of conventions). You can use it for both.\n\n### Who is using ESLint?\n\nThe following projects are using ESLint to validate their JavaScript:\n\n* [Drupal](https://www.drupal.org/node/2274223)\n* [Esprima](https://github.com/ariya/esprima)\n* [io.js](https://github.com/iojs/io.js/commit/f9dd34d301ab385ae316769b85ef916f9b70b6f6)\n* [WebKit](https://bugs.webkit.org/show_bug.cgi?id=125048)\n\nIn addition, the following companies are using ESLint internally to validate their JavaScript:\n\n* [Box](https://box.com)\n* [CustomInk](https://customink.com)\n* [Fitbit](http://www.fitbit.com)\n* [HolidayCheck](http://holidaycheck.de)\n* [the native web](http://www.thenativeweb.io)\n\n### What about ECMAScript 6 support?\n\nESLint has full support for ECMAScript 6. By default, this support is off. You can enable ECMAScript 6 support through [configuration](http://eslint.org/docs/user-guide/configuring).\n\n### Does ESLint support JSX?\n\nYes, ESLint natively supports parsing JSX syntax (this must be enabled in [configuration](http://eslint.org/docs/user-guide/configuring).). Please note that supporting JSX syntax *is not* the same as supporting React. React applies specific semantics to JSX syntax that ESLint doesn\'t recognize. We recommend using [eslint-plugin-react](https://www.npmjs.com/package/eslint-plugin-react) if you are using React and want React semantics.\n\n### What about ECMAScript 7/2016 and experimental features?\n\nESLint doesn\'t natively support experimental ECMAScript language features. You can use [babel-eslint](https://github.com/babel/babel-eslint) to use any option available in Babel.\n\n### Where to ask for help?\n\nJoin our [Mailing List](https://groups.google.com/group/eslint) or [Chatroom](https://gitter.im/eslint/eslint)\n\n\n[npm-image]: https://img.shields.io/npm/v/eslint.svg?style=flat-square\n[npm-url]: https://npmjs.org/package/eslint\n[travis-image]: https://img.shields.io/travis/eslint/eslint/master.svg?style=flat-square\n[travis-url]: https://travis-ci.org/eslint/eslint\n[coveralls-image]: https://img.shields.io/coveralls/eslint/eslint/master.svg?style=flat-square\n[coveralls-url]: https://coveralls.io/r/eslint/eslint?branch=master\n[downloads-image]: http://img.shields.io/npm/dm/eslint.svg?style=flat-square\n[downloads-url]: https://npmjs.org/package/eslint\n',
679 silly resolved     readmeFilename: 'README.md',
679 silly resolved     _id: 'eslint@0.24.1',
679 silly resolved     dist: { shasum: 'a1618353e192b6e058705ee3944a4809db08db6e' },
679 silly resolved     _from: 'eslint@',
679 silly resolved     _resolved: 'https://registry.npmjs.org/eslint/-/eslint-0.24.1.tgz' } ]
680 info install eslint@0.24.1 into /usr/local/lib
681 info installOne eslint@0.24.1
682 info /usr/local/lib/node_modules/eslint unbuild
683 verbose tar unpack /Users/JPotter/.npm/eslint/0.24.1/package.tgz
684 silly lockFile 8a7fbfa2-sr-local-lib-node-modules-eslint tar:///usr/local/lib/node_modules/eslint
685 verbose lock tar:///usr/local/lib/node_modules/eslint /Users/JPotter/.npm/8a7fbfa2-sr-local-lib-node-modules-eslint.lock
686 silly lockFile 32cd56ee-er-npm-eslint-0-24-1-package-tgz tar:///Users/JPotter/.npm/eslint/0.24.1/package.tgz
687 verbose lock tar:///Users/JPotter/.npm/eslint/0.24.1/package.tgz /Users/JPotter/.npm/32cd56ee-er-npm-eslint-0-24-1-package-tgz.lock
688 silly gunzTarPerm modes [ '755', '644' ]
689 error Error: EACCES, mkdir '/usr/local/lib/node_modules/eslint'
689 error  { [Error: EACCES, mkdir '/usr/local/lib/node_modules/eslint']
689 error   errno: 3,
689 error   code: 'EACCES',
689 error   path: '/usr/local/lib/node_modules/eslint',
689 error   fstream_type: 'Directory',
689 error   fstream_path: '/usr/local/lib/node_modules/eslint',
689 error   fstream_class: 'DirWriter',
689 error   fstream_stack:
689 error    [ '/usr/local/lib/node_modules/npm/node_modules/fstream/lib/dir-writer.js:36:23',
689 error      '/usr/local/lib/node_modules/npm/node_modules/mkdirp/index.js:37:53',
689 error      'Object.oncomplete (fs.js:107:15)' ] }
690 error Please try running this command again as root/Administrator.
691 error System Darwin 13.4.0
692 error command "node" "/usr/local/bin/npm" "-g" "install" "eslint"
693 error cwd /Users/JPotter/programming/javascript/Mandelbrot
694 error node -v v0.10.26
695 error npm -v 1.4.3
696 error path /usr/local/lib/node_modules/eslint
697 error fstream_path /usr/local/lib/node_modules/eslint
698 error fstream_type Directory
699 error fstream_class DirWriter
700 error code EACCES
701 error errno 3
702 error stack Error: EACCES, mkdir '/usr/local/lib/node_modules/eslint'
703 error fstream_stack /usr/local/lib/node_modules/npm/node_modules/fstream/lib/dir-writer.js:36:23
703 error fstream_stack /usr/local/lib/node_modules/npm/node_modules/mkdirp/index.js:37:53
703 error fstream_stack Object.oncomplete (fs.js:107:15)
704 verbose exit [ 3, true ]
